<?xml version="1.0" encoding="UTF-8"?>
<!-- Generated by org.testng.reporters.JUnitReportReporter -->
<testsuite skipped="0" hostname="Tetianas-MacBook-Pro.local" name="com.syntax.utils.BaseClass" tests="1" failures="0" timestamp="08 Jun 2019 18:39:14 GMT" time="4.076" errors="0">
  <testcase name="setUp" time="4.076" classname="com.syntax.utils.BaseClass"/>
</testsuite> <!-- com.syntax.utils.BaseClass -->
